<?xml version="1.0" encoding="UTF-8"?>
<testsuite xmlns:xsi="http://www.w3.org/2001/XMLSchema-instance" xsi:noNamespaceSchemaLocation="https://maven.apache.org/surefire/maven-surefire-plugin/xsd/surefire-test-report.xsd" name="vercauteren.laurens.stockexchange.interfaces.ExternalStockInformationServiceTest" time="0.06" tests="1" errors="0" skipped="0" failures="0">
  <properties>
    <property name="sun.desktop" value="windows"/>
    <property name="awt.toolkit" value="sun.awt.windows.WToolkit"/>
    <property name="java.specification.version" value="12"/>
    <property name="sun.cpu.isalist" value="amd64"/>
    <property name="sun.jnu.encoding" value="Cp1252"/>
    <property name="java.class.path" value="C:\switchfully\stock-exchange\interfaces\target\test-classes;C:\switchfully\stock-exchange\interfaces\target\classes;C:\switchfully\stock-exchange\domain\target\domain-1.0.0.jar;c:\devenv\java\.m2\repository\com\google\guava\guava\28.1-jre\guava-28.1-jre.jar;c:\devenv\java\.m2\repository\com\google\guava\failureaccess\1.0.1\failureaccess-1.0.1.jar;c:\devenv\java\.m2\repository\com\google\guava\listenablefuture\9999.0-empty-to-avoid-conflict-with-guava\listenablefuture-9999.0-empty-to-avoid-conflict-with-guava.jar;c:\devenv\java\.m2\repository\com\google\code\findbugs\jsr305\3.0.2\jsr305-3.0.2.jar;c:\devenv\java\.m2\repository\org\checkerframework\checker-qual\2.8.1\checker-qual-2.8.1.jar;c:\devenv\java\.m2\repository\com\google\errorprone\error_prone_annotations\2.3.2\error_prone_annotations-2.3.2.jar;c:\devenv\java\.m2\repository\com\google\j2objc\j2objc-annotations\1.3\j2objc-annotations-1.3.jar;c:\devenv\java\.m2\repository\org\codehaus\mojo\animal-sniffer-annotations\1.18\animal-sniffer-annotations-1.18.jar;c:\devenv\java\.m2\repository\org\apache\commons\commons-lang3\3.9\commons-lang3-3.9.jar;c:\devenv\java\.m2\repository\org\junit\jupiter\junit-jupiter-api\5.5.2\junit-jupiter-api-5.5.2.jar;c:\devenv\java\.m2\repository\org\apiguardian\apiguardian-api\1.1.0\apiguardian-api-1.1.0.jar;c:\devenv\java\.m2\repository\org\opentest4j\opentest4j\1.2.0\opentest4j-1.2.0.jar;c:\devenv\java\.m2\repository\org\junit\platform\junit-platform-commons\1.5.2\junit-platform-commons-1.5.2.jar;c:\devenv\java\.m2\repository\org\junit\jupiter\junit-jupiter-engine\5.5.2\junit-jupiter-engine-5.5.2.jar;c:\devenv\java\.m2\repository\org\junit\platform\junit-platform-engine\1.5.2\junit-platform-engine-1.5.2.jar;"/>
    <property name="java.vm.vendor" value="Oracle Corporation"/>
    <property name="sun.arch.data.model" value="64"/>
    <property name="user.variant" value=""/>
    <property name="java.vendor.url" value="https://java.oracle.com/"/>
    <property name="user.timezone" value="Europe/Brussels"/>
    <property name="user.country.format" value="BE"/>
    <property name="os.name" value="Windows 10"/>
    <property name="java.vm.specification.version" value="12"/>
    <property name="sun.java.launcher" value="SUN_STANDARD"/>
    <property name="user.country" value="US"/>
    <property name="sun.boot.library.path" value="C:\devenv\java\jdk-12.0.2\bin"/>
    <property name="sun.java.command" value="C:\Users\7515980\AppData\Local\Temp\surefire6446538594569539684\surefirebooter8088092283693023244.jar C:\Users\7515980\AppData\Local\Temp\surefire6446538594569539684 2019-10-16T15-02-37_203-jvmRun1 surefire15678423902831913174tmp surefire_09310304185277938932tmp"/>
    <property name="jdk.debug" value="release"/>
    <property name="surefire.test.class.path" value="C:\switchfully\stock-exchange\interfaces\target\test-classes;C:\switchfully\stock-exchange\interfaces\target\classes;C:\switchfully\stock-exchange\domain\target\domain-1.0.0.jar;c:\devenv\java\.m2\repository\com\google\guava\guava\28.1-jre\guava-28.1-jre.jar;c:\devenv\java\.m2\repository\com\google\guava\failureaccess\1.0.1\failureaccess-1.0.1.jar;c:\devenv\java\.m2\repository\com\google\guava\listenablefuture\9999.0-empty-to-avoid-conflict-with-guava\listenablefuture-9999.0-empty-to-avoid-conflict-with-guava.jar;c:\devenv\java\.m2\repository\com\google\code\findbugs\jsr305\3.0.2\jsr305-3.0.2.jar;c:\devenv\java\.m2\repository\org\checkerframework\checker-qual\2.8.1\checker-qual-2.8.1.jar;c:\devenv\java\.m2\repository\com\google\errorprone\error_prone_annotations\2.3.2\error_prone_annotations-2.3.2.jar;c:\devenv\java\.m2\repository\com\google\j2objc\j2objc-annotations\1.3\j2objc-annotations-1.3.jar;c:\devenv\java\.m2\repository\org\codehaus\mojo\animal-sniffer-annotations\1.18\animal-sniffer-annotations-1.18.jar;c:\devenv\java\.m2\repository\org\apache\commons\commons-lang3\3.9\commons-lang3-3.9.jar;c:\devenv\java\.m2\repository\org\junit\jupiter\junit-jupiter-api\5.5.2\junit-jupiter-api-5.5.2.jar;c:\devenv\java\.m2\repository\org\apiguardian\apiguardian-api\1.1.0\apiguardian-api-1.1.0.jar;c:\devenv\java\.m2\repository\org\opentest4j\opentest4j\1.2.0\opentest4j-1.2.0.jar;c:\devenv\java\.m2\repository\org\junit\platform\junit-platform-commons\1.5.2\junit-platform-commons-1.5.2.jar;c:\devenv\java\.m2\repository\org\junit\jupiter\junit-jupiter-engine\5.5.2\junit-jupiter-engine-5.5.2.jar;c:\devenv\java\.m2\repository\org\junit\platform\junit-platform-engine\1.5.2\junit-platform-engine-1.5.2.jar;"/>
    <property name="sun.cpu.endian" value="little"/>
    <property name="user.home" value="C:\Users\7515980"/>
    <property name="user.language" value="en"/>
    <property name="java.specification.vendor" value="Oracle Corporation"/>
    <property name="java.version.date" value="2019-07-16"/>
    <property name="java.home" value="C:\devenv\java\jdk-12.0.2"/>
    <property name="file.separator" value="\"/>
    <property name="basedir" value="C:\switchfully\stock-exchange\interfaces"/>
    <property name="java.vm.compressedOopsMode" value="32-bit"/>
    <property name="line.separator" value="&#10;"/>
    <property name="java.vm.specification.vendor" value="Oracle Corporation"/>
    <property name="java.specification.name" value="Java Platform API Specification"/>
    <property name="java.awt.graphicsenv" value="sun.awt.Win32GraphicsEnvironment"/>
    <property name="surefire.real.class.path" value="C:\Users\7515980\AppData\Local\Temp\surefire6446538594569539684\surefirebooter8088092283693023244.jar"/>
    <property name="user.script" value=""/>
    <property name="sun.management.compiler" value="HotSpot 64-Bit Tiered Compilers"/>
    <property name="java.runtime.version" value="12.0.2+10"/>
    <property name="user.name" value="7515980"/>
    <property name="path.separator" value=";"/>
    <property name="os.version" value="10.0"/>
    <property name="java.runtime.name" value="OpenJDK Runtime Environment"/>
    <property name="file.encoding" value="Cp1252"/>
    <property name="java.vm.name" value="OpenJDK 64-Bit Server VM"/>
    <property name="localRepository" value="c:\devenv\java\.m2\repository"/>
    <property name="java.vendor.url.bug" value="https://bugreport.java.com/bugreport/"/>
    <property name="java.io.tmpdir" value="C:\Users\7515980\AppData\Local\Temp\"/>
    <property name="java.version" value="12.0.2"/>
    <property name="user.dir" value="C:\switchfully\stock-exchange\interfaces"/>
    <property name="os.arch" value="amd64"/>
    <property name="java.vm.specification.name" value="Java Virtual Machine Specification"/>
    <property name="user.language.format" value="nl"/>
    <property name="sun.os.patch.level" value=""/>
    <property name="java.library.path" value="C:\devenv\java\jdk-12.0.2\bin;C:\WINDOWS\Sun\Java\bin;C:\WINDOWS\system32;C:\WINDOWS;C:\Program Files (x86)\Centura\Deploy;C:\devenv\java\jdk-12.0.2\bin;C:\devenv\java\apache-maven-3.6.1\bin;C:\ProgramData\Oracle\Java\javapath;C:\Oracle\11.2.0.3\bin;C:\WINDOWS\system32;C:\WINDOWS;C:\WINDOWS\System32\Wbem;C:\WINDOWS\System32\WindowsPowerShell\v1.0\;C:\Program Files\LCM-ANMC\WORKSTATIONMANAGEMENT;C:\Program Files (x86)\PCMX-32\bin;C:\Program Files (x86)\upic32\sys;C:\Program Files (x86)\Common Files\ISIS\Isiscomm\w3\lib;C:\Program Files\Git\cmd;C:\Program Files\nodejs\;C:\Users\7515980\AppData\Local\Microsoft\WindowsApps;C:\Users\7515980\AppData\Local\atom\bin;C:\Users\7515980\AppData\Roaming\npm;."/>
    <property name="java.vm.info" value="mixed mode, sharing"/>
    <property name="java.vendor" value="Oracle Corporation"/>
    <property name="java.vm.version" value="12.0.2+10"/>
    <property name="sun.io.unicode.encoding" value="UnicodeLittle"/>
    <property name="java.class.version" value="56.0"/>
  </properties>
  <testcase name="whenGeneratingRandomBigDecimal_thenGeneratedValueIsBetween10and100" classname="vercauteren.laurens.stockexchange.interfaces.ExternalStockInformationServiceTest" time="0.05"/>
</testsuite>